<?xml version="1.0" encoding="UTF-8"?>
<!-- Generated by org.testng.reporters.JUnitReportReporter -->
<testsuite skipped="0" hostname="DESKTOP-SH714FQ" name="testClasses.KiteLoginTest1" tests="3" failures="0" timestamp="2022-07-21T11:13:46 PDT" time="4.828" errors="0">
  <testcase name="LoginScenarion2_EnterOnly_Password" time="1.026" classname="testClasses.KiteLoginTest1"/>
  <system-out>
    <![CDATA[---- TC Name: Login Negative Test- Balnk UserID----]]>
  </system-out>
  <testcase name="LoginScenarion3" time="0.326" classname="testClasses.KiteLoginTest1"/>
  <system-out>
    <![CDATA[----Login Negative Test- Blank credentials----]]>
  </system-out>
  <testcase name="LoginScenarion1_EnterOnly_Username" time="3.476" classname="testClasses.KiteLoginTest1"/>
  <system-out>
    <![CDATA[---- Login Negative Test- Balnk Password----]]>
  </system-out>
</testsuite> <!-- testClasses.KiteLoginTest1 -->
