<?xml version="1.0" encoding="UTF-8"?>
<!-- Generated by org.testng.reporters.JUnitReportReporter -->
<testsuite skipped="0" hostname="DESKTOP-SH714FQ" name="testClasses.KiteLoginTest2" tests="1" failures="0" timestamp="2022-07-22T01:50:04 PDT" time="7.607" errors="0">
  <testcase name="verifyUserid" time="7.607" classname="testClasses.KiteLoginTest2"/>
  <system-out>
    <![CDATA[running verifyUserID test script]]>
  </system-out>
</testsuite> <!-- testClasses.KiteLoginTest2 -->
