<?xml version="1.0" encoding="UTF-8"?>
<!-- Generated by org.testng.reporters.JUnitReportReporter -->
<testsuite skipped="0" hostname="DESKTOP-SH714FQ" name="testClasses.KiteLoginInvestingTest3" tests="1" failures="0" timestamp="2022-07-22T06:42:49 PDT" time="14.926" errors="0">
  <testcase name="verifyinvestmentButton" time="14.926" classname="testClasses.KiteLoginInvestingTest3"/>
  <system-out>
    <![CDATA[running verify button  'Start investing' test script]]>
  </system-out>
</testsuite> <!-- testClasses.KiteLoginInvestingTest3 -->
